Performing C SOURCE FILE Test CMAKE_HAVE_LIBC_PTHREAD failed with the following output:
Change Dir: C:/Users/jacky/Desktop/simple_multi/fed-gen/Main/src-gen/federate__server/out/build/x64-Debug/CMakeFiles/CMakeScratch/TryCompile-e3vgdp

Run Build Command(s):D:/Program Files/Microsoft Visual Studio/2022/Community/Common7/IDE/CommonExtensions/Microsoft/CMake/Ninja/ninja.exe cmTC_ef13a && [1/2] Building C object CMakeFiles\cmTC_ef13a.dir\src.c.obj
FAILED: CMakeFiles/cmTC_ef13a.dir/src.c.obj 
"D:\Program Files\Microsoft Visual Studio\2022\Community\VC\Tools\MSVC\14.35.32215\bin\Hostx64\x64\cl.exe"  /nologo -DCMAKE_HAVE_LIBC_PTHREAD  /DWIN32 /D_WINDOWS  /Zi /Ob0 /Od /RTC1 -MDd -std:c11 /showIncludes /FoCMakeFiles\cmTC_ef13a.dir\src.c.obj /FdCMakeFiles\cmTC_ef13a.dir\ /FS -c C:\Users\jacky\Desktop\simple_multi\fed-gen\Main\src-gen\federate__server\out\build\x64-Debug\CMakeFiles\CMakeScratch\TryCompile-e3vgdp\src.c
C:\Users\jacky\Desktop\simple_multi\fed-gen\Main\src-gen\federate__server\out\build\x64-Debug\CMakeFiles\CMakeScratch\TryCompile-e3vgdp\src.c(1): fatal error C1083: Cannot open include file: 'pthread.h': No such file or directory
ninja: build stopped: subcommand failed.


Source file was:
#include <pthread.h>

static void* test_func(void* data)
{
  return data;
}

int main(void)
{
  pthread_t thread;
  pthread_create(&thread, NULL, test_func, NULL);
  pthread_detach(thread);
  pthread_cancel(thread);
  pthread_join(thread, NULL);
  pthread_atfork(NULL, NULL, NULL);
  pthread_exit(NULL);

  return 0;
}


Determining if the function pthread_create exists in the pthreads failed with the following output:
Change Dir: C:/Users/jacky/Desktop/simple_multi/fed-gen/Main/src-gen/federate__server/out/build/x64-Debug/CMakeFiles/CMakeScratch/TryCompile-vgl3zm

Run Build Command(s):D:/Program Files/Microsoft Visual Studio/2022/Community/Common7/IDE/CommonExtensions/Microsoft/CMake/Ninja/ninja.exe cmTC_8dc69 && [1/2] Building C object CMakeFiles\cmTC_8dc69.dir\CheckFunctionExists.c.obj
[2/2] Linking C executable cmTC_8dc69.exe
FAILED: cmTC_8dc69.exe 
cmd.exe /C "cd . && "D:\Program Files\Microsoft Visual Studio\2022\Community\Common7\IDE\CommonExtensions\Microsoft\CMake\CMake\bin\cmake.exe" -E vs_link_exe --intdir=CMakeFiles\cmTC_8dc69.dir --rc=C:\PROGRA~2\WI3CF2~1\10\bin\100220~1.0\x64\rc.exe --mt=C:\PROGRA~2\WI3CF2~1\10\bin\100220~1.0\x64\mt.exe --manifests  -- "D:\Program Files\Microsoft Visual Studio\2022\Community\VC\Tools\MSVC\14.35.32215\bin\Hostx64\x64\link.exe" /nologo CMakeFiles\cmTC_8dc69.dir\CheckFunctionExists.c.obj  /out:cmTC_8dc69.exe /implib:cmTC_8dc69.lib /pdb:cmTC_8dc69.pdb /version:0.0 /machine:x64  /debug /INCREMENTAL /subsystem:console  pthreads.lib  kernel32.lib user32.lib gdi32.lib winspool.lib shell32.lib ole32.lib oleaut32.lib uuid.lib comdlg32.lib advapi32.lib && cd ."
LINK Pass 1: command "D:\Program Files\Microsoft Visual Studio\2022\Community\VC\Tools\MSVC\14.35.32215\bin\Hostx64\x64\link.exe /nologo CMakeFiles\cmTC_8dc69.dir\CheckFunctionExists.c.obj /out:cmTC_8dc69.exe /implib:cmTC_8dc69.lib /pdb:cmTC_8dc69.pdb /version:0.0 /machine:x64 /debug /INCREMENTAL /subsystem:console pthreads.lib kernel32.lib user32.lib gdi32.lib winspool.lib shell32.lib ole32.lib oleaut32.lib uuid.lib comdlg32.lib advapi32.lib /MANIFEST /MANIFESTFILE:CMakeFiles\cmTC_8dc69.dir/intermediate.manifest CMakeFiles\cmTC_8dc69.dir/manifest.res" failed (exit code 1104) with the following output:
LINK : fatal error LNK1104: cannot open file 'pthreads.lib'
ninja: build stopped: subcommand failed.



Determining if the function pthread_create exists in the pthread failed with the following output:
Change Dir: C:/Users/jacky/Desktop/simple_multi/fed-gen/Main/src-gen/federate__server/out/build/x64-Debug/CMakeFiles/CMakeScratch/TryCompile-sj229f

Run Build Command(s):D:/Program Files/Microsoft Visual Studio/2022/Community/Common7/IDE/CommonExtensions/Microsoft/CMake/Ninja/ninja.exe cmTC_66dc9 && [1/2] Building C object CMakeFiles\cmTC_66dc9.dir\CheckFunctionExists.c.obj
[2/2] Linking C executable cmTC_66dc9.exe
FAILED: cmTC_66dc9.exe 
cmd.exe /C "cd . && "D:\Program Files\Microsoft Visual Studio\2022\Community\Common7\IDE\CommonExtensions\Microsoft\CMake\CMake\bin\cmake.exe" -E vs_link_exe --intdir=CMakeFiles\cmTC_66dc9.dir --rc=C:\PROGRA~2\WI3CF2~1\10\bin\100220~1.0\x64\rc.exe --mt=C:\PROGRA~2\WI3CF2~1\10\bin\100220~1.0\x64\mt.exe --manifests  -- "D:\Program Files\Microsoft Visual Studio\2022\Community\VC\Tools\MSVC\14.35.32215\bin\Hostx64\x64\link.exe" /nologo CMakeFiles\cmTC_66dc9.dir\CheckFunctionExists.c.obj  /out:cmTC_66dc9.exe /implib:cmTC_66dc9.lib /pdb:cmTC_66dc9.pdb /version:0.0 /machine:x64  /debug /INCREMENTAL /subsystem:console  pthread.lib  kernel32.lib user32.lib gdi32.lib winspool.lib shell32.lib ole32.lib oleaut32.lib uuid.lib comdlg32.lib advapi32.lib && cd ."
LINK Pass 1: command "D:\Program Files\Microsoft Visual Studio\2022\Community\VC\Tools\MSVC\14.35.32215\bin\Hostx64\x64\link.exe /nologo CMakeFiles\cmTC_66dc9.dir\CheckFunctionExists.c.obj /out:cmTC_66dc9.exe /implib:cmTC_66dc9.lib /pdb:cmTC_66dc9.pdb /version:0.0 /machine:x64 /debug /INCREMENTAL /subsystem:console pthread.lib kernel32.lib user32.lib gdi32.lib winspool.lib shell32.lib ole32.lib oleaut32.lib uuid.lib comdlg32.lib advapi32.lib /MANIFEST /MANIFESTFILE:CMakeFiles\cmTC_66dc9.dir/intermediate.manifest CMakeFiles\cmTC_66dc9.dir/manifest.res" failed (exit code 1104) with the following output:
LINK : fatal error LNK1104: cannot open file 'pthread.lib'
ninja: build stopped: subcommand failed.



